#
# A fatal error has been detected by the Java Runtime Environment:
#
#  SIGSEGV (0xb) at pc=0x00000001043ab195, pid=9068, tid=0x0000000000005003
#
# JRE version: Java(TM) SE Runtime Environment (8.0_211-b12) (build 1.8.0_211-b12)
# Java VM: Java HotSpot(TM) 64-Bit Server VM (25.211-b12 mixed mode bsd-amd64 compressed oops)
# Problematic frame:
# V  [libjvm.dylib+0x1ab195]  oopDesc::size()+0x89
#
# Failed to write core dump. Core dumps have been disabled. To enable core dumping, try "ulimit -c unlimited" before starting Java again
#
# If you would like to submit a bug report, please visit:
#   http://bugreport.java.com/bugreport/crash.jsp
#

---------------  T H R E A D  ---------------

Current thread (0x00007fce40815000):  GCTaskThread [stack: 0x0000700006c3a000,0x0000700006d3a000] [id=20483]

siginfo: si_signo: 11 (SIGSEGV), si_code: 0 (unknown), si_addr: 0x0000000000000000

Registers:
RAX=0x0005000000eb0000, RBX=0x0000000000000005, RCX=0x0000000000000003, RDX=0x0000000000000001
RSP=0x0000700006d39bf0, RBP=0x0000700006d39bf0, RSI=0x00000007a5ca09e0, RDI=0x00000007c0200b00
R8 =0x0000000104afc200, R9 =0x00000007acd42030, R10=0x00000007acd4a030, R11=0x00000000070a6648
R12=0x0000000104af1f16, R13=0x00000007acd471d5, R14=0x00007fce42826ec0, R15=0x00007fce42826f58
RIP=0x00000001043ab195, EFLAGS=0x0000000000010202, ERR=0x0000000000000000
  TRAPNO=0x000000000000000d

Top of Stack: (sp=0x0000700006d39bf0)
0x0000700006d39bf0:   0000700006d39c60 00000001046cc569
0x0000700006d39c00:   0000700006d39c30 00000007a5ca09e0
0x0000700006d39c10:   00000007acd42030 0000000000001000
0x0000700006d39c20:   0000700006d39c90 0000000000003a00
0x0000700006d39c30:   000000000000000d 00000007acd471d5
0x0000700006d39c40:   0000000104af1f16 00000007acd471d5
0x0000700006d39c50:   00000007acd471d4 00007fce42826f58
0x0000700006d39c60:   0000700006d39c80 00000001046cca7f
0x0000700006d39c70:   00007fce42826ec0 00007fce42826f20
0x0000700006d39c80:   0000700006d39ce0 00000001046cba9f
0x0000700006d39c90:   0000000760e99724 00000007c04bfdc8
0x0000700006d39ca0:   00000007acd471d5 00000007c04bfdc8
0x0000700006d39cb0:   00007fce42826ec0 0000000760e99818
0x0000700006d39cc0:   000000011471c4cc 0000000760e99800
0x0000700006d39cd0:   000000011471c501 0000000000000240
0x0000700006d39ce0:   0000700006d39da0 0000000104357e3a
0x0000700006d39cf0:   00007fce3ef0d290 0000000000000400
0x0000700006d39d00:   fffffffeeb8dd1d9 0000000000000080
0x0000700006d39d10:   0000000114722e25 0000000110c15080
0x0000700006d39d20:   0000000114722e26 0000000003b07400
0x0000700006d39d30:   fffffffeeb8e3aff 0000000003b0de26
0x0000700006d39d40:   000000011471c500 000000011471c481
0x0000700006d39d50:   0000000761bc4a68 0000000760ea0000
0x0000700006d39d60:   00007fce3ef0a330 00007fce42826ec0
0x0000700006d39d70:   00007fce3ef0a0b0 00007fce41201d80
0x0000700006d39d80:   0000000000000000 000000010481b403
0x0000700006d39d90:   00007fce42826ec0 0000000000000001
0x0000700006d39da0:   0000700006d39dd0 00000001046cf5df
0x0000700006d39db0:   0000000000000008 00007fce3ef0d290
0x0000700006d39dc0:   00007fce40815000 00007fce41201d80
0x0000700006d39dd0:   0000700006d39eb0 000000010447949b
0x0000700006d39de0:   0000700006d39e10 00007fce3ef116b0 

Instructions: (pc=0x00000001043ab195)
0x00000001043ab175:   00 48 01 c1 48 ba ff ff ff ff 07 00 00 00 48 01
0x00000001043ab185:   ca 48 f7 d8 48 21 d0 48 c1 e8 03 5d c3 48 8b 07
0x00000001043ab195:   48 8b 80 e8 00 00 00 5d ff e0 90 55 48 89 e5 41
0x00000001043ab1a5:   57 41 56 41 55 41 54 53 48 83 ec 28 48 89 f3 49 

Register to memory mapping:

RAX=0x0005000000eb0000 is an unknown value
RBX=0x0000000000000005 is an unknown value
RCX=0x0000000000000003 is an unknown value
RDX=0x0000000000000001 is an unknown value
RSP=0x0000700006d39bf0 is an unknown value
RBP=0x0000700006d39bf0 is an unknown value
RSI=0x00000007a5ca09e0 is an oop

[error occurred during error reporting (printing register info), id 0xb]

Stack: [0x0000700006c3a000,0x0000700006d3a000],  sp=0x0000700006d39bf0,  free space=1022k
Native frames: (J=compiled Java code, j=interpreted, Vv=VM code, C=native code)
V  [libjvm.dylib+0x1ab195]  oopDesc::size()+0x89
V  [libjvm.dylib+0x4cc569]  oopDesc* PSPromotionManager::copy_to_survivor_space<false>(oopDesc*)+0x35
V  [libjvm.dylib+0x4cca7f]  PSPromotionManager::process_popped_location_depth(StarTask)+0x73
V  [libjvm.dylib+0x4cba9f]  PSPromotionManager::drain_stacks_depth(bool)+0x117
V  [libjvm.dylib+0x157e3a]  CardTableExtension::scavenge_contents_parallel(ObjectStartArray*, MutableSpace*, HeapWord*, PSPromotionManager*, unsigned int, unsigned int)+0x380
V  [libjvm.dylib+0x4cf5df]  OldToYoungRootsTask::do_it(GCTaskManager*, unsigned int)+0x4b
V  [libjvm.dylib+0x27949b]  GCTaskThread::run()+0x1a1
V  [libjvm.dylib+0x48f30a]  java_start(Thread*)+0xf6
C  [libsystem_pthread.dylib+0x32eb]  _pthread_body+0x7e
C  [libsystem_pthread.dylib+0x6249]  _pthread_start+0x42
C  [libsystem_pthread.dylib+0x240d]  thread_start+0xd


---------------  P R O C E S S  ---------------

Java Threads: ( => current thread )
  0x00007fce3f2ce000 JavaThread "Memory manager" [_thread_blocked, id=3591, stack(0x00007000093af000,0x00007000094af000)]
  0x00007fce4799e000 JavaThread "Cache worker for Build Output Cleanup Cache (/Users/maanu/AndroidStudioProjects/MyWearApp/.gradle/buildOutputCleanup)" [_thread_blocked, id=27139, stack(0x00007000092ac000,0x00007000093ac000)]
  0x00007fce43250000 JavaThread "Build operations Thread 8" [_thread_blocked, id=36355, stack(0x00007000091a9000,0x00007000092a9000)]
  0x00007fce4324f800 JavaThread "Build operations Thread 7" [_thread_blocked, id=26883, stack(0x00007000090a6000,0x00007000091a6000)]
  0x00007fce44ff7000 JavaThread "Build operations Thread 6" [_thread_blocked, id=26627, stack(0x0000700008fa3000,0x00007000090a3000)]
  0x00007fce44ff6800 JavaThread "Build operations Thread 5" [_thread_blocked, id=26115, stack(0x0000700008ea0000,0x0000700008fa0000)]
  0x00007fce3f21d800 JavaThread "Build operations Thread 4" [_thread_blocked, id=25859, stack(0x0000700008d9d000,0x0000700008e9d000)]
  0x00007fce430f4800 JavaThread "Build operations Thread 3" [_thread_blocked, id=37635, stack(0x0000700008c9a000,0x0000700008d9a000)]
  0x00007fce430f4000 JavaThread "Build operations Thread 2" [_thread_blocked, id=25603, stack(0x0000700008b97000,0x0000700008c97000)]
  0x00007fce430f8000 JavaThread "Build operations" [_thread_blocked, id=38147, stack(0x0000700008a94000,0x0000700008b94000)]
  0x00007fce4326c800 JavaThread "Cache worker for execution history cache (/Users/maanu/.gradle/caches/5.1.1/executionHistory)" [_thread_blocked, id=38403, stack(0x0000700008991000,0x0000700008a91000)]
  0x00007fce460b4000 JavaThread "Cache worker for cache directory md-rule (/Users/maanu/.gradle/caches/5.1.1/md-rule)" [_thread_blocked, id=24835, stack(0x000070000888e000,0x000070000898e000)]
  0x00007fce455b3000 JavaThread "Cache worker for cache directory md-supplier (/Users/maanu/.gradle/caches/5.1.1/md-supplier)" [_thread_blocked, id=39171, stack(0x000070000878b000,0x000070000888b000)]
  0x00007fce40be6800 JavaThread "Cache worker for file hash cache (/Users/maanu/AndroidStudioProjects/MyWearApp/.gradle/5.1.1/fileHashes)" [_thread_blocked, id=24323, stack(0x0000700008688000,0x0000700008788000)]
  0x00007fce40bc2000 JavaThread "Cache worker for journal cache (/Users/maanu/.gradle/caches/journal-1)" [_thread_blocked, id=39683, stack(0x0000700008585000,0x0000700008685000)]
  0x00007fce40bbd000 JavaThread "File lock request listener" [_thread_in_native, id=39939, stack(0x0000700008482000,0x0000700008582000)]
  0x00007fce40bcf000 JavaThread "Cache worker for file hash cache (/Users/maanu/.gradle/caches/5.1.1/fileHashes)" [_thread_blocked, id=40451, stack(0x000070000837f000,0x000070000847f000)]
  0x00007fce429f0800 JavaThread "Thread-9" [_thread_blocked, id=23811, stack(0x000070000827c000,0x000070000837c000)]
  0x00007fce429e1800 JavaThread "Stdin handler" [_thread_blocked, id=41219, stack(0x0000700008179000,0x0000700008279000)]
  0x00007fce43355000 JavaThread "Asynchronous log dispatcher for DefaultDaemonConnection: socket connection from /127.0.0.1:61914 to /127.0.0.1:61915" [_thread_blocked, id=41731, stack(0x0000700008076000,0x0000700008176000)]
  0x00007fce40abf000 JavaThread "Daemon worker" [_thread_blocked, id=23299, stack(0x0000700007f73000,0x0000700008073000)]
  0x00007fce43ae7000 JavaThread "Cancel handler" [_thread_blocked, id=23043, stack(0x0000700007e70000,0x0000700007f70000)]
  0x00007fce429c5800 JavaThread "Handler for socket connection from /127.0.0.1:61914 to /127.0.0.1:61915" [_thread_in_native, id=22787, stack(0x0000700007d6d000,0x0000700007e6d000)]
  0x00007fce40926800 JavaThread "Daemon" [_thread_blocked, id=22531, stack(0x0000700007c6a000,0x0000700007d6a000)]
  0x00007fce4333c800 JavaThread "Daemon periodic checks" [_thread_blocked, id=43011, stack(0x0000700007b67000,0x0000700007c67000)]
  0x00007fce40b13800 JavaThread "Incoming local TCP Connector on port 61914" [_thread_in_native, id=22019, stack(0x0000700007a64000,0x0000700007b64000)]
  0x00007fce429d2000 JavaThread "Daemon health stats" [_thread_blocked, id=21763, stack(0x0000700007961000,0x0000700007a61000)]
  0x00007fce43013000 JavaThread "Service Thread" daemon [_thread_blocked, id=16387, stack(0x000070000775b000,0x000070000785b000)]
  0x00007fce3f02a800 JavaThread "C1 CompilerThread3" daemon [_thread_blocked, id=16899, stack(0x0000700007658000,0x0000700007758000)]
  0x00007fce43000000 JavaThread "C2 CompilerThread2" daemon [_thread_blocked, id=17411, stack(0x0000700007555000,0x0000700007655000)]
  0x00007fce3f021800 JavaThread "C2 CompilerThread1" daemon [_thread_in_native, id=17923, stack(0x0000700007452000,0x0000700007552000)]
  0x00007fce40830800 JavaThread "C2 CompilerThread0" daemon [_thread_in_native, id=15107, stack(0x000070000734f000,0x000070000744f000)]
  0x00007fce40804000 JavaThread "Signal Dispatcher" daemon [_thread_blocked, id=18179, stack(0x000070000724c000,0x000070000734c000)]
  0x00007fce4081c800 JavaThread "Finalizer" daemon [_thread_blocked, id=19459, stack(0x0000700007149000,0x0000700007249000)]
  0x00007fce4081b800 JavaThread "Reference Handler" daemon [_thread_blocked, id=12803, stack(0x0000700007046000,0x0000700007146000)]
  0x00007fce40806800 JavaThread "main" [_thread_blocked, id=9475, stack(0x0000700006628000,0x0000700006728000)]

Other Threads:
  0x00007fce42827800 VMThread [stack: 0x0000700006f43000,0x0000700007043000] [id=19715]
  0x00007fce4081e000 WatcherThread [stack: 0x000070000785e000,0x000070000795e000] [id=15875]

=>0x00007fce40815000 (exited) GCTaskThread [stack: 0x0000700006c3a000,0x0000700006d3a000] [id=20483]

VM state:at safepoint (normal execution)

VM Mutex/Monitor currently owned by a thread:  ([mutex/lock_event])
[0x00007fce3ef03be0] Threads_lock - owner thread: 0x00007fce42827800
[0x00007fce3ef040e0] Heap_lock - owner thread: 0x00007fce40abf000

heap address: 0x0000000760000000, size: 1536 MB, Compressed Oops mode: Zero based, Oop shift amount: 3
Narrow klass base: 0x0000000000000000, Narrow klass shift: 3
Compressed class space size: 1073741824 Address: 0x00000007c0000000

Heap:
 PSYoungGen      total 224768K, used 204288K [0x00000007a0000000, 0x00000007b2200000, 0x00000007c0000000)
  eden space 204288K, 100% used [0x00000007a0000000,0x00000007ac780000,0x00000007ac780000)
  from space 20480K, 0% used [0x00000007adc00000,0x00000007adc00000,0x00000007af000000)
  to   space 20992K, 53% used [0x00000007ac780000,0x00000007ad26a030,0x00000007adc00000)
 ParOldGen       total 219136K, used 28442K [0x0000000760000000, 0x000000076d600000, 0x00000007a0000000)
  object space 219136K, 12% used [0x0000000760000000,0x0000000761bc6a68,0x000000076d600000)
 Metaspace       used 66786K, capacity 68887K, committed 69208K, reserved 1107968K
  class space    used 9221K, capacity 9755K, committed 9856K, reserved 1048576K

Card table byte_map: [0x0000000114715000,0x0000000114a16000] byte_map_base: 0x0000000110c15000

Marking Bits: (ParMarkBitMap*) 0x0000000104afbe40
 Begin Bits: [0x0000000114c16000, 0x0000000116416000)
 End Bits:   [0x0000000116416000, 0x0000000117c16000)

Polling page: 0x00000001031ca000

CodeCache: size=245760Kb used=19460Kb max_used=19461Kb free=226299Kb
 bounds [0x0000000105715000, 0x0000000106a35000, 0x0000000114715000]
 total_blobs=6678 nmethods=5861 adapters=729
 compilation: enabled

Compilation events (10 events):
Event: 7.236 Thread 0x00007fce3f02a800 6534       3       org.codehaus.groovy.runtime.callsite.AbstractCallSite::createGetPropertySite (48 bytes)
Event: 7.237 Thread 0x00007fce43000000 nmethod 6527% 0x0000000106a1b7d0 code [0x0000000106a1b940, 0x0000000106a1bc18]
Event: 7.237 Thread 0x00007fce3f02a800 nmethod 6534 0x0000000106a1df90 code [0x0000000106a1e180, 0x0000000106a1ea38]
Event: 7.237 Thread 0x00007fce3f02a800 6535   !   3       sun.reflect.GeneratedConstructorAccessor11::newInstance (53 bytes)
Event: 7.237 Thread 0x00007fce3f02a800 nmethod 6535 0x0000000106a1cf50 code [0x0000000106a1d160, 0x0000000106a1d9c8]
Event: 7.237 Thread 0x00007fce3f02a800 6536       3       org.codehaus.groovy.runtime.callsite.PogoGetPropertySite::acceptGetProperty (23 bytes)
Event: 7.237 Thread 0x00007fce3f02a800 nmethod 6536 0x0000000106a1c9d0 code [0x0000000106a1cb40, 0x0000000106a1ce68]
Event: 7.237 Thread 0x00007fce3f02a800 6537       3       org.codehaus.groovy.runtime.typehandling.DefaultTypeTransformation::castToBoolean (39 bytes)
Event: 7.238 Thread 0x00007fce3f02a800 nmethod 6537 0x0000000106a1c150 code [0x0000000106a1c2e0, 0x0000000106a1c8a8]
Event: 7.238 Thread 0x00007fce43000000 6520       4       org.codehaus.groovy.reflection.CachedMethod::compareToMethod (125 bytes)

GC Heap History (10 events):
Event: 3.060 GC heap after
Heap after GC invocations=7 (full 2):
 PSYoungGen      total 140288K, used 0K [0x00000007a0000000, 0x00000007aad80000, 0x00000007c0000000)
  eden space 129536K, 0% used [0x00000007a0000000,0x00000007a0000000,0x00000007a7e80000)
  from space 10752K, 0% used [0x00000007a7e80000,0x00000007a7e80000,0x00000007a8900000)
  to   space 13824K, 0% used [0x00000007aa000000,0x00000007aa000000,0x00000007aad80000)
 ParOldGen       total 174080K, used 18759K [0x0000000760000000, 0x000000076aa00000, 0x00000007a0000000)
  object space 174080K, 10% used [0x0000000760000000,0x0000000761251ca8,0x000000076aa00000)
 Metaspace       used 34562K, capacity 35174K, committed 35416K, reserved 1079296K
  class space    used 4700K, capacity 4903K, committed 4992K, reserved 1048576K
}
Event: 4.157 GC heap before
{Heap before GC invocations=8 (full 2):
 PSYoungGen      total 140288K, used 129536K [0x00000007a0000000, 0x00000007aad80000, 0x00000007c0000000)
  eden space 129536K, 100% used [0x00000007a0000000,0x00000007a7e80000,0x00000007a7e80000)
  from space 10752K, 0% used [0x00000007a7e80000,0x00000007a7e80000,0x00000007a8900000)
  to   space 13824K, 0% used [0x00000007aa000000,0x00000007aa000000,0x00000007aad80000)
 ParOldGen       total 174080K, used 18759K [0x0000000760000000, 0x000000076aa00000, 0x00000007a0000000)
  object space 174080K, 10% used [0x0000000760000000,0x0000000761251ca8,0x000000076aa00000)
 Metaspace       used 44963K, capacity 46030K, committed 46168K, reserved 1089536K
  class space    used 6153K, capacity 6454K, committed 6528K, reserved 1048576K
Event: 4.167 GC heap after
Heap after GC invocations=8 (full 2):
 PSYoungGen      total 162304K, used 13805K [0x00000007a0000000, 0x00000007ace80000, 0x00000007c0000000)
  eden space 148480K, 0% used [0x00000007a0000000,0x00000007a0000000,0x00000007a9100000)
  from space 13824K, 99% used [0x00000007aa000000,0x00000007aad7b7d0,0x00000007aad80000)
  to   space 15360K, 0% used [0x00000007a9100000,0x00000007a9100000,0x00000007aa000000)
 ParOldGen       total 174080K, used 18883K [0x0000000760000000, 0x000000076aa00000, 0x00000007a0000000)
  object space 174080K, 10% used [0x0000000760000000,0x0000000761270f40,0x000000076aa00000)
 Metaspace       used 44963K, capacity 46030K, committed 46168K, reserved 1089536K
  class space    used 6153K, capacity 6454K, committed 6528K, reserved 1048576K
}
Event: 5.464 GC heap before
{Heap before GC invocations=9 (full 2):
 PSYoungGen      total 162304K, used 162285K [0x00000007a0000000, 0x00000007ace80000, 0x00000007c0000000)
  eden space 148480K, 100% used [0x00000007a0000000,0x00000007a9100000,0x00000007a9100000)
  from space 13824K, 99% used [0x00000007aa000000,0x00000007aad7b7d0,0x00000007aad80000)
  to   space 15360K, 0% used [0x00000007a9100000,0x00000007a9100000,0x00000007aa000000)
 ParOldGen       total 174080K, used 18883K [0x0000000760000000, 0x000000076aa00000, 0x00000007a0000000)
  object space 174080K, 10% used [0x0000000760000000,0x0000000761270f40,0x000000076aa00000)
 Metaspace       used 56907K, capacity 58496K, committed 58840K, reserved 1099776K
  class space    used 7713K, capacity 8100K, committed 8192K, reserved 1048576K
Event: 5.480 GC heap after
Heap after GC invocations=9 (full 2):
 PSYoungGen      total 163840K, used 15332K [0x00000007a0000000, 0x00000007af000000, 0x00000007c0000000)
  eden space 148480K, 0% used [0x00000007a0000000,0x00000007a0000000,0x00000007a9100000)
  from space 15360K, 99% used [0x00000007a9100000,0x00000007a9ff9040,0x00000007aa000000)
  to   space 20480K, 0% used [0x00000007adc00000,0x00000007adc00000,0x00000007af000000)
 ParOldGen       total 174080K, used 25853K [0x0000000760000000, 0x000000076aa00000, 0x00000007a0000000)
  object space 174080K, 14% used [0x0000000760000000,0x000000076193f7f8,0x000000076aa00000)
 Metaspace       used 56907K, capacity 58496K, committed 58840K, reserved 1099776K
  class space    used 7713K, capacity 8100K, committed 8192K, reserved 1048576K
}
Event: 5.515 GC heap before
{Heap before GC invocations=10 (full 2):
 PSYoungGen      total 163840K, used 18299K [0x00000007a0000000, 0x00000007af000000, 0x00000007c0000000)
  eden space 148480K, 1% used [0x00000007a0000000,0x00000007a02e5de0,0x00000007a9100000)
  from space 15360K, 99% used [0x00000007a9100000,0x00000007a9ff9040,0x00000007aa000000)
  to   space 20480K, 0% used [0x00000007adc00000,0x00000007adc00000,0x00000007af000000)
 ParOldGen       total 174080K, used 25853K [0x0000000760000000, 0x000000076aa00000, 0x00000007a0000000)
  object space 174080K, 14% used [0x0000000760000000,0x000000076193f7f8,0x000000076aa00000)
 Metaspace       used 57249K, capacity 58873K, committed 59028K, reserved 1099776K
  class space    used 7763K, capacity 8192K, committed 8192K, reserved 1048576K
Event: 5.524 GC heap after
Heap after GC invocations=10 (full 2):
 PSYoungGen      total 224768K, used 14601K [0x00000007a0000000, 0x00000007b2200000, 0x00000007c0000000)
  eden space 204288K, 0% used [0x00000007a0000000,0x00000007a0000000,0x00000007ac780000)
  from space 20480K, 71% used [0x00000007adc00000,0x00000007aea424c0,0x00000007af000000)
  to   space 20992K, 0% used [0x00000007ac780000,0x00000007ac780000,0x00000007adc00000)
 ParOldGen       total 174080K, used 25853K [0x0000000760000000, 0x000000076aa00000, 0x00000007a0000000)
  object space 174080K, 14% used [0x0000000760000000,0x000000076193f7f8,0x000000076aa00000)
 Metaspace       used 57249K, capacity 58873K, committed 59028K, reserved 1099776K
  class space    used 7763K, capacity 8192K, committed 8192K, reserved 1048576K
}
Event: 5.524 GC heap before
{Heap before GC invocations=11 (full 3):
 PSYoungGen      total 224768K, used 14601K [0x00000007a0000000, 0x00000007b2200000, 0x00000007c0000000)
  eden space 204288K, 0% used [0x00000007a0000000,0x00000007a0000000,0x00000007ac780000)
  from space 20480K, 71% used [0x00000007adc00000,0x00000007aea424c0,0x00000007af000000)
  to   space 20992K, 0% used [0x00000007ac780000,0x00000007ac780000,0x00000007adc00000)
 ParOldGen       total 174080K, used 25853K [0x0000000760000000, 0x000000076aa00000, 0x00000007a0000000)
  object space 174080K, 14% used [0x0000000760000000,0x000000076193f7f8,0x000000076aa00000)
 Metaspace       used 57249K, capacity 58873K, committed 59028K, reserved 1099776K
  class space    used 7763K, capacity 8192K, committed 8192K, reserved 1048576K
Event: 5.657 GC heap after
Heap after GC invocations=11 (full 3):
 PSYoungGen      total 224768K, used 0K [0x00000007a0000000, 0x00000007b2200000, 0x00000007c0000000)
  eden space 204288K, 0% used [0x00000007a0000000,0x00000007a0000000,0x00000007ac780000)
  from space 20480K, 0% used [0x00000007adc00000,0x00000007adc00000,0x00000007af000000)
  to   space 20992K, 0% used [0x00000007ac780000,0x00000007ac780000,0x00000007adc00000)
 ParOldGen       total 219136K, used 28434K [0x0000000760000000, 0x000000076d600000, 0x00000007a0000000)
  object space 219136K, 12% used [0x0000000760000000,0x0000000761bc4a68,0x000000076d600000)
 Metaspace       used 57220K, capacity 58777K, committed 59028K, reserved 1099776K
  class space    used 7754K, capacity 8176K, committed 8192K, reserved 1048576K
}
Event: 7.240 GC heap before
{Heap before GC invocations=12 (full 3):
 PSYoungGen      total 224768K, used 204288K [0x00000007a0000000, 0x00000007b2200000, 0x00000007c0000000)
  eden space 204288K, 100% used [0x00000007a0000000,0x00000007ac780000,0x00000007ac780000)
  from space 20480K, 0% used [0x00000007adc00000,0x00000007adc00000,0x00000007af000000)
  to   space 20992K, 0% used [0x00000007ac780000,0x00000007ac780000,0x00000007adc00000)
 ParOldGen       total 219136K, used 28434K [0x0000000760000000, 0x000000076d600000, 0x00000007a0000000)
  object space 219136K, 12% used [0x0000000760000000,0x0000000761bc4a68,0x000000076d600000)
 Metaspace       used 66786K, capacity 68887K, committed 69208K, reserved 1107968K
  class space    used 9221K, capacity 9755K, committed 9856K, reserved 1048576K

Deoptimization events (10 events):
Event: 7.077 Thread 0x00007fce40abf000 Uncommon trap: reason=unstable_if action=reinterpret pc=0x0000000105ff4b7c method=java.util.WeakHashMap.put(Ljava/lang/Object;Ljava/lang/Object;)Ljava/lang/Object; @ 59
Event: 7.124 Thread 0x00007fce40abf000 Uncommon trap: reason=class_check action=maybe_recompile pc=0x0000000105d166f4 method=groovy.lang.MetaMethod.isStatic()Z @ 1
Event: 7.124 Thread 0x00007fce40abf000 Uncommon trap: reason=class_check action=maybe_recompile pc=0x0000000105d166f4 method=groovy.lang.MetaMethod.isStatic()Z @ 1
Event: 7.124 Thread 0x00007fce40abf000 Uncommon trap: reason=class_check action=maybe_recompile pc=0x0000000105d166f4 method=groovy.lang.MetaMethod.isStatic()Z @ 1
Event: 7.124 Thread 0x00007fce40abf000 Uncommon trap: reason=class_check action=maybe_recompile pc=0x0000000105d166f4 method=groovy.lang.MetaMethod.isStatic()Z @ 1
Event: 7.152 Thread 0x00007fce40abf000 Uncommon trap: reason=predicate action=maybe_recompile pc=0x00000001069be4e4 method=java.util.AbstractCollection.toArray([Ljava/lang/Object;)[Ljava/lang/Object; @ 49
Event: 7.183 Thread 0x00007fce40abf000 Uncommon trap: reason=array_check action=maybe_recompile pc=0x0000000106a00da8 method=java.util.AbstractCollection.toArray([Ljava/lang/Object;)[Ljava/lang/Object; @ 119
Event: 7.183 Thread 0x00007fce40abf000 Uncommon trap: reason=array_check action=maybe_recompile pc=0x0000000106a00da8 method=java.util.AbstractCollection.toArray([Ljava/lang/Object;)[Ljava/lang/Object; @ 119
Event: 7.188 Thread 0x00007fce40abf000 Uncommon trap: reason=array_check action=maybe_recompile pc=0x0000000106a00da8 method=java.util.AbstractCollection.toArray([Ljava/lang/Object;)[Ljava/lang/Object; @ 119
Event: 7.189 Thread 0x00007fce40abf000 Uncommon trap: reason=array_check action=maybe_recompile pc=0x0000000106a00da8 method=java.util.AbstractCollection.toArray([Ljava/lang/Object;)[Ljava/lang/Object; @ 119

Classes redefined (0 events):
No events

Internal exceptions (10 events):
Event: 7.228 Thread 0x00007fce40abf000 Exception <a 'java/lang/ClassNotFoundException': com/android/build/gradle/internal/feature/BundleAllClasses_DecoratedCustomizer> (0x00000007ac524140) thrown at [/Users/java_re/workspace/8-2-build-macosx-x86_64/jdk8u211/12973/hotspot/src/share/vm/classfile
Event: 7.233 Thread 0x00007fce40abf000 Exception <a 'java/lang/ClassNotFoundException': com/android/build/gradle/internal/res/LinkAndroidResForBundleTask_DecoratedBeanInfo> (0x00000007ac5c1620) thrown at [/Users/java_re/workspace/8-2-build-macosx-x86_64/jdk8u211/12973/hotspot/src/share/vm/clas
Event: 7.233 Thread 0x00007fce40abf000 Exception <a 'java/lang/ClassNotFoundException': com/android/build/gradle/internal/res/LinkAndroidResForBundleTaskBeanInfo> (0x00000007ac5df770) thrown at [/Users/java_re/workspace/8-2-build-macosx-x86_64/jdk8u211/12973/hotspot/src/share/vm/classfile/syst
Event: 7.233 Thread 0x00007fce40abf000 Exception <a 'java/lang/ClassNotFoundException': com/android/build/gradle/internal/tasks/AndroidBuilderTaskBeanInfo> (0x00000007ac5fb620) thrown at [/Users/java_re/workspace/8-2-build-macosx-x86_64/jdk8u211/12973/hotspot/src/share/vm/classfile/systemDicti
Event: 7.234 Thread 0x00007fce40abf000 Exception <a 'java/lang/ClassNotFoundException': com/android/build/gradle/internal/tasks/AndroidBuilderTaskCustomizer> (0x00000007ac618528) thrown at [/Users/java_re/workspace/8-2-build-macosx-x86_64/jdk8u211/12973/hotspot/src/share/vm/classfile/systemDic
Event: 7.234 Thread 0x00007fce40abf000 Exception <a 'java/lang/ClassNotFoundException': com/android/build/gradle/internal/res/LinkAndroidResForBundleTaskCustomizer> (0x00000007ac646848) thrown at [/Users/java_re/workspace/8-2-build-macosx-x86_64/jdk8u211/12973/hotspot/src/share/vm/classfile/sy
Event: 7.235 Thread 0x00007fce40abf000 Exception <a 'java/lang/ClassNotFoundException': com/android/build/gradle/internal/res/LinkAndroidResForBundleTask_DecoratedCustomizer> (0x00000007ac6ad428) thrown at [/Users/java_re/workspace/8-2-build-macosx-x86_64/jdk8u211/12973/hotspot/src/share/vm/cl
Event: 7.238 Thread 0x00007fce40abf000 Exception <a 'java/lang/ClassNotFoundException': com/android/build/gradle/internal/tasks/CheckDuplicateClassesTask_DecoratedBeanInfo> (0x00000007ac7403f8) thrown at [/Users/java_re/workspace/8-2-build-macosx-x86_64/jdk8u211/12973/hotspot/src/share/vm/clas
Event: 7.239 Thread 0x00007fce40abf000 Exception <a 'java/lang/ClassNotFoundException': com/android/build/gradle/internal/tasks/CheckDuplicateClassesTaskBeanInfo> (0x00000007ac75e540) thrown at [/Users/java_re/workspace/8-2-build-macosx-x86_64/jdk8u211/12973/hotspot/src/share/vm/classfile/syst
Event: 7.239 Thread 0x00007fce40abf000 Exception <a 'java/lang/ClassNotFoundException': com/android/build/gradle/internal/tasks/CheckDuplicateClassesTaskCustomizer> (0x00000007ac77d6e8) thrown at [/Users/java_re/workspace/8-2-build-macosx-x86_64/jdk8u211/12973/hotspot/src/share/vm/classfile/sy

Events (10 events):
Event: 7.239 loading class com/android/build/gradle/internal/tasks/CheckDuplicateClassesTaskBeanInfo done
Event: 7.239 loading class com/android/build/gradle/internal/tasks/CheckDuplicateClassesTaskBeanInfo
Event: 7.239 loading class com/android/build/gradle/internal/tasks/CheckDuplicateClassesTaskBeanInfo done
Event: 7.239 loading class com/android/build/gradle/internal/tasks/CheckDuplicateClassesTaskCustomizer
Event: 7.239 loading class com/android/build/gradle/internal/tasks/CheckDuplicateClassesTaskCustomizer done
Event: 7.239 loading class com/android/build/gradle/internal/tasks/CheckDuplicateClassesTaskCustomizer
Event: 7.239 loading class com/android/build/gradle/internal/tasks/CheckDuplicateClassesTaskCustomizer done
Event: 7.239 loading class com/android/build/gradle/internal/tasks/CheckDuplicateClassesTaskCustomizer
Event: 7.239 loading class com/android/build/gradle/internal/tasks/CheckDuplicateClassesTaskCustomizer done
Event: 7.239 Executing VM operation: ParallelGCFailedAllocation


Dynamic libraries:
0x00007fff3ec9e000 	/System/Library/Frameworks/Cocoa.framework/Versions/A/Cocoa
0x00007fff4a9b6000 	/System/Library/Frameworks/Security.framework/Versions/A/Security
0x00007fff3d933000 	/System/Library/Frameworks/ApplicationServices.framework/Versions/A/ApplicationServices
0x00007fff6aa78000 	/usr/lib/libz.1.dylib
0x00007fff683d2000 	/usr/lib/libSystem.B.dylib
0x00007fff69c09000 	/usr/lib/libobjc.A.dylib
0x00007fff3f486000 	/System/Library/Frameworks/CoreFoundation.framework/Versions/A/CoreFoundation
0x00007fff41708000 	/System/Library/Frameworks/Foundation.framework/Versions/C/Foundation
0x00007fff3cb2c000 	/System/Library/Frameworks/AppKit.framework/Versions/C/AppKit
0x00007fff3f019000 	/System/Library/Frameworks/CoreData.framework/Versions/A/CoreData
0x00007fff61ea5000 	/System/Library/PrivateFrameworks/RemoteViewServices.framework/Versions/A/RemoteViewServices
0x00007fff66112000 	/System/Library/PrivateFrameworks/UIFoundation.framework/Versions/A/UIFoundation
0x00007fff677f4000 	/System/Library/PrivateFrameworks/XCTTargetBootstrap.framework/Versions/A/XCTTargetBootstrap
0x00007fff3f39e000 	/System/Library/Frameworks/CoreDisplay.framework/Versions/A/CoreDisplay
0x00007fff5cbfc000 	/System/Library/PrivateFrameworks/IconServices.framework/Versions/A/IconServices
0x00007fff4402c000 	/System/Library/Frameworks/Metal.framework/Versions/A/Metal
0x00007fff54177000 	/System/Library/PrivateFrameworks/DesktopServicesPriv.framework/Versions/A/DesktopServicesPriv
0x00007fff68f6c000 	/usr/lib/libenergytrace.dylib
0x00007fff645fb000 	/System/Library/PrivateFrameworks/SkyLight.framework/Versions/A/SkyLight
0x00007fff3f8cc000 	/System/Library/Frameworks/CoreGraphics.framework/Versions/A/CoreGraphics
0x00007fff3b8f8000 	/System/Library/Frameworks/Accelerate.framework/Versions/A/Accelerate
0x00007fff41e50000 	/System/Library/Frameworks/IOSurface.framework/Versions/A/IOSurface
0x00007fff53fe3000 	/System/Library/PrivateFrameworks/DFRFoundation.framework/Versions/A/DFRFoundation
0x00007fff3de16000 	/System/Library/Frameworks/AudioToolbox.framework/Versions/A/AudioToolbox
0x00007fff3e08f000 	/System/Library/Frameworks/AudioUnit.framework/Versions/A/AudioUnit
0x00007fff54078000 	/System/Library/PrivateFrameworks/DataDetectorsCore.framework/Versions/A/DataDetectorsCore
0x00007fff3e7a2000 	/System/Library/Frameworks/Carbon.framework/Versions/A/Frameworks/HIToolbox.framework/Versions/A/HIToolbox
0x00007fff690c5000 	/usr/lib/libicucore.A.dylib
0x00007fff49f2b000 	/System/Library/Frameworks/QuartzCore.framework/Versions/A/QuartzCore
0x00007fff3eb76000 	/System/Library/Frameworks/Carbon.framework/Versions/A/Frameworks/SpeechRecognition.framework/Versions/A/SpeechRecognition
0x00007fff68526000 	/usr/lib/libauto.dylib
0x00007fff6a96c000 	/usr/lib/libxml2.2.dylib
0x00007fff53bc0000 	/System/Library/PrivateFrameworks/CoreUI.framework/Versions/A/CoreUI
0x00007fff3ef04000 	/System/Library/Frameworks/CoreAudio.framework/Versions/A/CoreAudio
0x00007fff4153d000 	/System/Library/Frameworks/DiskArbitration.framework/Versions/A/DiskArbitration
0x00007fff69373000 	/usr/lib/liblangid.dylib
0x00007fff5e00a000 	/System/Library/PrivateFrameworks/MultitouchSupport.framework/Versions/A/MultitouchSupport
0x00007fff41dbf000 	/System/Library/Frameworks/IOKit.framework/Versions/A/IOKit
0x00007fff67f93000 	/usr/lib/libDiagnosticMessagesClient.dylib
0x00007fff406db000 	/System/Library/Frameworks/CoreServices.framework/Versions/A/CoreServices
0x00007fff5fcb1000 	/System/Library/PrivateFrameworks/PerformanceAnalysis.framework/Versions/A/PerformanceAnalysis
0x00007fff49119000 	/System/Library/Frameworks/OpenGL.framework/Versions/A/OpenGL
0x00007fff3ecac000 	/System/Library/Frameworks/ColorSync.framework/Versions/A/ColorSync
0x00007fff3ff5d000 	/System/Library/Frameworks/CoreImage.framework/Versions/A/CoreImage
0x00007fff410b4000 	/System/Library/Frameworks/CoreText.framework/Versions/A/CoreText
0x00007fff41eb3000 	/System/Library/Frameworks/ImageIO.framework/Versions/A/ImageIO
0x00007fff50215000 	/System/Library/PrivateFrameworks/Backup.framework/Versions/A/Backup
0x00007fff68479000 	/usr/lib/libarchive.2.dylib
0x00007fff3e3e7000 	/System/Library/Frameworks/CFNetwork.framework/Versions/A/CFNetwork
0x00007fff4b110000 	/System/Library/Frameworks/SystemConfiguration.framework/Versions/A/SystemConfiguration
0x00007fff67ec4000 	/usr/lib/libCRFSuite.dylib
0x00007fff68615000 	/usr/lib/libc++.1.dylib
0x00007fff68669000 	/usr/lib/libc++abi.dylib
0x00007fff6b26e000 	/usr/lib/system/libcache.dylib
0x00007fff6b273000 	/usr/lib/system/libcommonCrypto.dylib
0x00007fff6b27e000 	/usr/lib/system/libcompiler_rt.dylib
0x00007fff6b286000 	/usr/lib/system/libcopyfile.dylib
0x00007fff6b290000 	/usr/lib/system/libcorecrypto.dylib
0x00007fff6b39b000 	/usr/lib/system/libdispatch.dylib
0x00007fff6b3d5000 	/usr/lib/system/libdyld.dylib
0x00007fff6b402000 	/usr/lib/system/libkeymgr.dylib
0x00007fff6b410000 	/usr/lib/system/liblaunch.dylib
0x00007fff6b411000 	/usr/lib/system/libmacho.dylib
0x00007fff6b417000 	/usr/lib/system/libquarantine.dylib
0x00007fff6b41a000 	/usr/lib/system/libremovefile.dylib
0x00007fff6b41c000 	/usr/lib/system/libsystem_asl.dylib
0x00007fff6b434000 	/usr/lib/system/libsystem_blocks.dylib
0x00007fff6b435000 	/usr/lib/system/libsystem_c.dylib
0x00007fff6b4bd000 	/usr/lib/system/libsystem_configuration.dylib
0x00007fff6b4c1000 	/usr/lib/system/libsystem_coreservices.dylib
0x00007fff6b4c5000 	/usr/lib/system/libsystem_darwin.dylib
0x00007fff6b4cc000 	/usr/lib/system/libsystem_dnssd.dylib
0x00007fff6b4d3000 	/usr/lib/system/libsystem_info.dylib
0x00007fff6b548000 	/usr/lib/system/libsystem_m.dylib
0x00007fff6b594000 	/usr/lib/system/libsystem_malloc.dylib
0x00007fff6b5bf000 	/usr/lib/system/libsystem_networkextension.dylib
0x00007fff6b5ca000 	/usr/lib/system/libsystem_notify.dylib
0x00007fff6b5e7000 	/usr/lib/system/libsystem_sandbox.dylib
0x00007fff6b5eb000 	/usr/lib/system/libsystem_secinit.dylib
0x00007fff6b51f000 	/usr/lib/system/libsystem_kernel.dylib
0x00007fff6b5d2000 	/usr/lib/system/libsystem_platform.dylib
0x00007fff6b5dc000 	/usr/lib/system/libsystem_pthread.dylib
0x00007fff6b5ee000 	/usr/lib/system/libsystem_symptoms.dylib
0x00007fff6b5f6000 	/usr/lib/system/libsystem_trace.dylib
0x00007fff6b60d000 	/usr/lib/system/libunwind.dylib
0x00007fff6b613000 	/usr/lib/system/libxpc.dylib
0x00007fff685f6000 	/usr/lib/libbsm.0.dylib
0x00007fff6b403000 	/usr/lib/system/libkxld.dylib
0x00007fff4f606000 	/System/Library/PrivateFrameworks/AppleFSCompression.framework/Versions/A/AppleFSCompression
0x00007fff68292000 	/usr/lib/libOpenScriptingUtil.dylib
0x00007fff6891e000 	/usr/lib/libcoretls.dylib
0x00007fff68935000 	/usr/lib/libcoretls_cfhelpers.dylib
0x00007fff6a3a0000 	/usr/lib/libpam.2.dylib
0x00007fff6a560000 	/usr/lib/libsqlite3.dylib
0x00007fff6a95a000 	/usr/lib/libxar.1.dylib
0x00007fff68607000 	/usr/lib/libbz2.1.0.dylib
0x00007fff69375000 	/usr/lib/liblzma.5.dylib
0x00007fff69826000 	/usr/lib/libnetwork.dylib
0x00007fff68462000 	/usr/lib/libapple_nghttp2.dylib
0x00007fff6a3a7000 	/usr/lib/libpcap.A.dylib
0x00007fff40a7a000 	/System/Library/Frameworks/CoreServices.framework/Versions/A/Frameworks/FSEvents.framework/Versions/A/FSEvents
0x00007fff40759000 	/System/Library/Frameworks/CoreServices.framework/Versions/A/Frameworks/CarbonCore.framework/Versions/A/CarbonCore
0x00007fff40c36000 	/System/Library/Frameworks/CoreServices.framework/Versions/A/Frameworks/Metadata.framework/Versions/A/Metadata
0x00007fff40cd5000 	/System/Library/Frameworks/CoreServices.framework/Versions/A/Frameworks/OSServices.framework/Versions/A/OSServices
0x00007fff40d20000 	/System/Library/Frameworks/CoreServices.framework/Versions/A/Frameworks/SearchKit.framework/Versions/A/SearchKit
0x00007fff406dc000 	/System/Library/Frameworks/CoreServices.framework/Versions/A/Frameworks/AE.framework/Versions/A/AE
0x00007fff40a83000 	/System/Library/Frameworks/CoreServices.framework/Versions/A/Frameworks/LaunchServices.framework/Versions/A/LaunchServices
0x00007fff40a31000 	/System/Library/Frameworks/CoreServices.framework/Versions/A/Frameworks/DictionaryServices.framework/Versions/A/DictionaryServices
0x00007fff40d88000 	/System/Library/Frameworks/CoreServices.framework/Versions/A/Frameworks/SharedFileList.framework/Versions/A/SharedFileList
0x00007fff450f4000 	/System/Library/Frameworks/NetFS.framework/Versions/A/NetFS
0x00007fff5e270000 	/System/Library/PrivateFrameworks/NetAuth.framework/Versions/A/NetAuth
0x00007fff67bf8000 	/System/Library/PrivateFrameworks/login.framework/Versions/A/Frameworks/loginsupport.framework/Versions/A/loginsupport
0x00007fff65d1b000 	/System/Library/PrivateFrameworks/TCC.framework/Versions/A/TCC
0x00007fff5321d000 	/System/Library/PrivateFrameworks/CoreNLP.framework/Versions/A/CoreNLP
0x00007fff5dd03000 	/System/Library/PrivateFrameworks/MetadataUtilities.framework/Versions/A/MetadataUtilities
0x00007fff6944a000 	/usr/lib/libmecabra.dylib
0x00007fff3d934000 	/System/Library/Frameworks/ApplicationServices.framework/Versions/A/Frameworks/ATS.framework/Versions/A/ATS
0x00007fff3dc83000 	/System/Library/Frameworks/ApplicationServices.framework/Versions/A/Frameworks/ColorSyncLegacy.framework/Versions/A/ColorSyncLegacy
0x00007fff3dd22000 	/System/Library/Frameworks/ApplicationServices.framework/Versions/A/Frameworks/HIServices.framework/Versions/A/HIServices
0x00007fff3dd75000 	/System/Library/Frameworks/ApplicationServices.framework/Versions/A/Frameworks/LangAnalysis.framework/Versions/A/LangAnalysis
0x00007fff3dd85000 	/System/Library/Frameworks/ApplicationServices.framework/Versions/A/Frameworks/PrintCore.framework/Versions/A/PrintCore
0x00007fff3ddcf000 	/System/Library/Frameworks/ApplicationServices.framework/Versions/A/Frameworks/QD.framework/Versions/A/QD
0x00007fff3de09000 	/System/Library/Frameworks/ApplicationServices.framework/Versions/A/Frameworks/SpeechSynthesis.framework/Versions/A/SpeechSynthesis
0x00007fff68691000 	/usr/lib/libcompression.dylib
0x00007fff442fc000 	/System/Library/Frameworks/MetalPerformanceShaders.framework/Versions/A/MetalPerformanceShaders
0x00007fff3b910000 	/System/Library/Frameworks/Accelerate.framework/Versions/A/Frameworks/vImage.framework/Versions/A/vImage
0x00007fff3c98a000 	/System/Library/Frameworks/Accelerate.framework/Versions/A/Frameworks/vecLib.framework/Versions/A/vecLib
0x00007fff3c8d6000 	/System/Library/Frameworks/Accelerate.framework/Versions/A/Frameworks/vecLib.framework/Versions/A/libvMisc.dylib
0x00007fff3c6ee000 	/System/Library/Frameworks/Accelerate.framework/Versions/A/Frameworks/vecLib.framework/Versions/A/libvDSP.dylib
0x00007fff3bfaa000 	/System/Library/Frameworks/Accelerate.framework/Versions/A/Frameworks/vecLib.framework/Versions/A/libBLAS.dylib
0x00007fff3c297000 	/System/Library/Frameworks/Accelerate.framework/Versions/A/Frameworks/vecLib.framework/Versions/A/libLAPACK.dylib
0x00007fff3c641000 	/System/Library/Frameworks/Accelerate.framework/Versions/A/Frameworks/vecLib.framework/Versions/A/libLinearAlgebra.dylib
0x00007fff3c6da000 	/System/Library/Frameworks/Accelerate.framework/Versions/A/Frameworks/vecLib.framework/Versions/A/libSparseBLAS.dylib
0x00007fff3c657000 	/System/Library/Frameworks/Accelerate.framework/Versions/A/Frameworks/vecLib.framework/Versions/A/libQuadrature.dylib
0x00007fff3c224000 	/System/Library/Frameworks/Accelerate.framework/Versions/A/Frameworks/vecLib.framework/Versions/A/libBNNS.dylib
0x00007fff3c65d000 	/System/Library/Frameworks/Accelerate.framework/Versions/A/Frameworks/vecLib.framework/Versions/A/libSparse.dylib
0x00007fff5a55f000 	/System/Library/PrivateFrameworks/GPUWrangler.framework/Versions/A/GPUWrangler
0x00007fff5c831000 	/System/Library/PrivateFrameworks/IOAccelerator.framework/Versions/A/IOAccelerator
0x00007fff5c83c000 	/System/Library/PrivateFrameworks/IOPresentment.framework/Versions/A/IOPresentment
0x00007fff53ff3000 	/System/Library/PrivateFrameworks/DSExternalDisplay.framework/Versions/A/DSExternalDisplay
0x00007fff48570000 	/System/Library/Frameworks/OpenGL.framework/Versions/A/Libraries/libCoreFSCache.dylib
0x00007fff440f0000 	/System/Library/Frameworks/MetalPerformanceShaders.framework/Frameworks/MPSCore.framework/Versions/A/MPSCore
0x00007fff44110000 	/System/Library/Frameworks/MetalPerformanceShaders.framework/Frameworks/MPSImage.framework/Versions/A/MPSImage
0x00007fff441b5000 	/System/Library/Frameworks/MetalPerformanceShaders.framework/Frameworks/MPSNeuralNetwork.framework/Versions/A/MPSNeuralNetwork
0x00007fff4418d000 	/System/Library/Frameworks/MetalPerformanceShaders.framework/Frameworks/MPSMatrix.framework/Versions/A/MPSMatrix
0x00007fff442e1000 	/System/Library/Frameworks/MetalPerformanceShaders.framework/Frameworks/MPSRayIntersector.framework/Versions/A/MPSRayIntersector
0x00007fff5dd2c000 	/System/Library/PrivateFrameworks/MetalTools.framework/Versions/A/MetalTools
0x00007fff4eeb3000 	/System/Library/PrivateFrameworks/AggregateDictionary.framework/Versions/A/AggregateDictionary
0x00007fff68273000 	/usr/lib/libMobileGestalt.dylib
0x00007fff41217000 	/System/Library/Frameworks/CoreVideo.framework/Versions/A/CoreVideo
0x00007fff5b36f000 	/System/Library/PrivateFrameworks/GraphVisualizer.framework/Versions/A/GraphVisualizer
0x00007fff551ef000 	/System/Library/PrivateFrameworks/FaceCore.framework/Versions/A/FaceCore
0x00007fff47b9e000 	/System/Library/Frameworks/OpenCL.framework/Versions/A/OpenCL
0x00007fff67fcb000 	/usr/lib/libFosl_dynamic.dylib
0x00007fff5eadb000 	/System/Library/PrivateFrameworks/OTSVG.framework/Versions/A/OTSVG
0x00007fff3da38000 	/System/Library/Frameworks/ApplicationServices.framework/Versions/A/Frameworks/ATS.framework/Versions/A/Resources/libFontParser.dylib
0x00007fff3db50000 	/System/Library/Frameworks/ApplicationServices.framework/Versions/A/Frameworks/ATS.framework/Versions/A/Resources/libFontRegistry.dylib
0x00007fff42121000 	/System/Library/Frameworks/ImageIO.framework/Versions/A/Resources/libJPEG.dylib
0x00007fff42433000 	/System/Library/Frameworks/ImageIO.framework/Versions/A/Resources/libTIFF.dylib
0x00007fff42409000 	/System/Library/Frameworks/ImageIO.framework/Versions/A/Resources/libPng.dylib
0x00007fff4203f000 	/System/Library/Frameworks/ImageIO.framework/Versions/A/Resources/libGIF.dylib
0x00007fff42044000 	/System/Library/Frameworks/ImageIO.framework/Versions/A/Resources/libJP2.dylib
0x00007fff42430000 	/System/Library/Frameworks/ImageIO.framework/Versions/A/Resources/libRadiance.dylib
0x00007fff4f75d000 	/System/Library/PrivateFrameworks/AppleJPEG.framework/Versions/A/AppleJPEG
0x00007fff4857b000 	/System/Library/Frameworks/OpenGL.framework/Versions/A/Libraries/libGFXShared.dylib
0x00007fff4873e000 	/System/Library/Frameworks/OpenGL.framework/Versions/A/Libraries/libGLU.dylib
0x00007fff48584000 	/System/Library/Frameworks/OpenGL.framework/Versions/A/Libraries/libGL.dylib
0x00007fff48590000 	/System/Library/Frameworks/OpenGL.framework/Versions/A/Libraries/libGLImage.dylib
0x00007fff4856d000 	/System/Library/Frameworks/OpenGL.framework/Versions/A/Libraries/libCVMSPluginSupport.dylib
0x00007fff48576000 	/System/Library/Frameworks/OpenGL.framework/Versions/A/Libraries/libCoreVMClient.dylib
0x00007fff68de2000 	/usr/lib/libcups.2.dylib
0x00007fff435f7000 	/System/Library/Frameworks/Kerberos.framework/Versions/A/Kerberos
0x00007fff41b24000 	/System/Library/Frameworks/GSS.framework/Versions/A/GSS
0x00007fff6a4f5000 	/usr/lib/libresolv.9.dylib
0x00007fff68fd4000 	/usr/lib/libiconv.2.dylib
0x00007fff5b4ce000 	/System/Library/PrivateFrameworks/Heimdal.framework/Versions/A/Heimdal
0x00007fff68fa4000 	/usr/lib/libheimdal-asn1.dylib
0x00007fff47c12000 	/System/Library/Frameworks/OpenDirectory.framework/Versions/A/OpenDirectory
0x00007fff51f82000 	/System/Library/PrivateFrameworks/CommonAuth.framework/Versions/A/CommonAuth
0x00007fff47bf6000 	/System/Library/Frameworks/OpenDirectory.framework/Versions/A/Frameworks/CFOpenDirectory.framework/Versions/A/CFOpenDirectory
0x00007fff4acb6000 	/System/Library/Frameworks/SecurityFoundation.framework/Versions/A/SecurityFoundation
0x00007fff4e3fc000 	/System/Library/PrivateFrameworks/APFS.framework/Versions/A/APFS
0x00007fff6a956000 	/usr/lib/libutil.dylib
0x00007fff6867f000 	/usr/lib/libcharset.1.dylib
0x00007fff4f9fa000 	/System/Library/PrivateFrameworks/AppleSauce.framework/Versions/A/AppleSauce
0x00007fff4fb7b000 	/System/Library/PrivateFrameworks/AssertionServices.framework/Versions/A/AssertionServices
0x00007fff502ab000 	/System/Library/PrivateFrameworks/BaseBoard.framework/Versions/A/BaseBoard
0x00007fff693a5000 	/usr/lib/libmecab.1.0.0.dylib
0x00007fff68f9e000 	/usr/lib/libgermantok.dylib
0x00007fff6844f000 	/usr/lib/libThaiTokenizer.dylib
0x00007fff67efb000 	/usr/lib/libChineseTokenizer.dylib
0x00007fff5ceea000 	/System/Library/PrivateFrameworks/LanguageModeling.framework/Versions/A/LanguageModeling
0x00007fff52c63000 	/System/Library/PrivateFrameworks/CoreEmoji.framework/Versions/A/CoreEmoji
0x00007fff5cfc6000 	/System/Library/PrivateFrameworks/Lexicon.framework/Versions/A/Lexicon
0x00007fff5d009000 	/System/Library/PrivateFrameworks/LinguisticData.framework/Versions/A/LinguisticData
0x00007fff68680000 	/usr/lib/libcmph.dylib
0x00007fff4ad74000 	/System/Library/Frameworks/ServiceManagement.framework/Versions/A/ServiceManagement
0x00007fff5020c000 	/System/Library/PrivateFrameworks/BackgroundTaskManagement.framework/Versions/A/BackgroundTaskManagement
0x00007fff6aa4f000 	/usr/lib/libxslt.1.dylib
0x00007fff3eaa3000 	/System/Library/Frameworks/Carbon.framework/Versions/A/Frameworks/Ink.framework/Versions/A/Ink
0x00007fff65f8d000 	/System/Library/PrivateFrameworks/TextureIO.framework/Versions/A/TextureIO
0x00007fff684a3000 	/usr/lib/libate.dylib
0x00007fff53f42000 	/System/Library/PrivateFrameworks/CrashReporterSupport.framework/Versions/A/CrashReporterSupport
0x00007fff636cc000 	/System/Library/PrivateFrameworks/Sharing.framework/Versions/A/Sharing
0x00007fff4ff5e000 	/System/Library/PrivateFrameworks/AuthKit.framework/Versions/A/AuthKit
0x00007fff4f4b2000 	/System/Library/PrivateFrameworks/Apple80211.framework/Versions/A/Apple80211
0x00007fff53cec000 	/System/Library/PrivateFrameworks/CoreUtils.framework/Versions/A/CoreUtils
0x00007fff41257000 	/System/Library/Frameworks/CoreWLAN.framework/Versions/A/CoreWLAN
0x00007fff41c53000 	/System/Library/Frameworks/IOBluetooth.framework/Versions/A/IOBluetooth
0x00007fff61b50000 	/System/Library/PrivateFrameworks/ProtocolBuffer.framework/Versions/A/ProtocolBuffer
0x00007fff5df66000 	/System/Library/PrivateFrameworks/MobileKeyBag.framework/Versions/A/MobileKeyBag
0x00007fff53530000 	/System/Library/PrivateFrameworks/CorePhoneNumbers.framework/Versions/A/CorePhoneNumbers
0x00007fff4f711000 	/System/Library/PrivateFrameworks/AppleIDAuthSupport.framework/Versions/A/AppleIDAuthSupport
0x00007fff5cebd000 	/System/Library/PrivateFrameworks/KeychainCircle.framework/Versions/A/KeychainCircle
0x00007fff61d06000 	/System/Library/PrivateFrameworks/ROCKit.framework/Versions/A/ROCKit
0x00007fff53ede000 	/System/Library/PrivateFrameworks/CoreWiFi.framework/Versions/A/CoreWiFi
0x00007fff3efee000 	/System/Library/Frameworks/CoreBluetooth.framework/Versions/A/CoreBluetooth
0x00007fff54139000 	/System/Library/PrivateFrameworks/DebugSymbols.framework/Versions/A/DebugSymbols
0x00007fff53aac000 	/System/Library/PrivateFrameworks/CoreSymbolication.framework/Versions/A/CoreSymbolication
0x00007fff657a8000 	/System/Library/PrivateFrameworks/Symbolication.framework/Versions/A/Symbolication
0x00007fff6504b000 	/System/Library/PrivateFrameworks/SpeechRecognitionCore.framework/Versions/A/SpeechRecognitionCore
0x0000000104200000 	/Library/Java/JavaVirtualMachines/jdk1.8.0_211.jdk/Contents/Home/jre/lib/server/libjvm.dylib
0x00007fff6a831000 	/usr/lib/libstdc++.6.dylib
0x0000000103186000 	/Library/Java/JavaVirtualMachines/jdk1.8.0_211.jdk/Contents/Home/jre/lib/libverify.dylib
0x0000000103194000 	/Library/Java/JavaVirtualMachines/jdk1.8.0_211.jdk/Contents/Home/jre/lib/libjava.dylib
0x00000001031d4000 	/Library/Java/JavaVirtualMachines/jdk1.8.0_211.jdk/Contents/Home/jre/lib/libzip.dylib
0x000000011a5f7000 	/Library/Java/JavaVirtualMachines/jdk1.8.0_211.jdk/Contents/Home/jre/lib/libnet.dylib
0x000000011aaf1000 	/Library/Java/JavaVirtualMachines/jdk1.8.0_211.jdk/Contents/Home/jre/lib/libnio.dylib
0x000000011a60e000 	/Users/maanu/.gradle/native/25/osx-amd64/libnative-platform.dylib
0x000000011b040000 	/Library/Java/JavaVirtualMachines/jdk1.8.0_211.jdk/Contents/Home/jre/lib/libmanagement.dylib

VM Arguments:
jvm_args: -Xmx1536m -Dfile.encoding=UTF-8 -Duser.country=IN -Duser.language=en -Duser.variant 
java_command: org.gradle.launcher.daemon.bootstrap.GradleDaemon 5.1.1
java_class_path (initial): /Users/maanu/.gradle/wrapper/dists/gradle-5.1.1-all/97z1ksx6lirer3kbvdnh7jtjg/gradle-5.1.1/lib/gradle-launcher-5.1.1.jar
Launcher Type: SUN_STANDARD

Environment Variables:
PATH=/usr/local/bin:/usr/bin:/bin:/usr/sbin:/sbin
SHELL=/bin/bash

Signal Handlers:
SIGSEGV: [libjvm.dylib+0x5b71a7], sa_mask[0]=11111111011111110111111111111111, sa_flags=SA_ONSTACK|SA_RESTART|SA_SIGINFO
SIGBUS: [libjvm.dylib+0x5b71a7], sa_mask[0]=11111111011111110111111111111111, sa_flags=SA_RESTART|SA_SIGINFO
SIGFPE: [libjvm.dylib+0x48c8fc], sa_mask[0]=11111111011111110111111111111111, sa_flags=SA_RESTART|SA_SIGINFO
SIGPIPE: [libjvm.dylib+0x48c8fc], sa_mask[0]=11111111011111110111111111111111, sa_flags=SA_RESTART|SA_SIGINFO
SIGXFSZ: [libjvm.dylib+0x48c8fc], sa_mask[0]=11111111011111110111111111111111, sa_flags=SA_RESTART|SA_SIGINFO
SIGILL: [libjvm.dylib+0x48c8fc], sa_mask[0]=11111111011111110111111111111111, sa_flags=SA_RESTART|SA_SIGINFO
SIGUSR1: SIG_DFL, sa_mask[0]=00000000000000000000000000000000, sa_flags=none
SIGUSR2: [libjvm.dylib+0x48c41a], sa_mask[0]=00100000000000000000000000000000, sa_flags=SA_RESTART|SA_SIGINFO
SIGHUP: [libjvm.dylib+0x48a9a5], sa_mask[0]=11111111011111110111111111111111, sa_flags=SA_RESTART|SA_SIGINFO
SIGINT: [libjvm.dylib+0x48a9a5], sa_mask[0]=11111111011111110111111111111111, sa_flags=SA_RESTART|SA_SIGINFO
SIGTERM: [libjvm.dylib+0x48a9a5], sa_mask[0]=11111111011111110111111111111111, sa_flags=SA_RESTART|SA_SIGINFO
SIGQUIT: [libjvm.dylib+0x48a9a5], sa_mask[0]=11111111011111110111111111111111, sa_flags=SA_RESTART|SA_SIGINFO


---------------  S Y S T E M  ---------------

OS:Bsduname:Darwin 18.6.0 Darwin Kernel Version 18.6.0: Thu Apr 25 23:16:27 PDT 2019; root:xnu-4903.261.4~2/RELEASE_X86_64 x86_64
rlimit: STACK 8192k, CORE 0k, NPROC 1418, NOFILE 10240, AS infinity
load average:3.69 2.77 2.23

CPU:total 8 (initial active 8) (4 cores per cpu, 2 threads per core) family 6 model 70 stepping 1, cmov, cx8, fxsr, mmx, sse, sse2, sse3, ssse3, sse4.1, sse4.2, popcnt, avx, avx2, aes, clmul, erms, lzcnt, ht, tsc, tscinvbit, bmi1, bmi2

Memory: 4k page, physical 16777216k(3056300k free)

/proc/meminfo:


vm_info: Java HotSpot(TM) 64-Bit Server VM (25.211-b12) for bsd-amd64 JRE (1.8.0_211-b12), built on Apr  1 2019 20:53:18 by "java_re" with gcc 4.2.1 (Based on Apple Inc. build 5658) (LLVM build 2336.11.00)

time: Fri Jun 14 22:02:51 2019
timezone: IST
elapsed time: 7 seconds (0d 0h 0m 7s)

